<?xml version="1.0" encoding="UTF-8"?>
<testsuite xmlns:xsi="http://www.w3.org/2001/XMLSchema-instance" xsi:noNamespaceSchemaLocation="https://maven.apache.org/surefire/maven-surefire-plugin/xsd/surefire-test-report-3.0.xsd" version="3.0" name="support.operation.state.StatePatternTest" time="0.08" tests="6" errors="0" skipped="0" failures="0">
  <properties>
[...]
</properties>
  <testcase name="testTransicionEstados" classname="support.operation.state.StatePatternTest" time="0.042"/>
  <testcase name="testCorrecciones" classname="support.operation.state.StatePatternTest" time="0.003">
    <system-out><![CDATA[Proyecto devuelto para correccion. Intento 3
]]></system-out>
  </testcase>
  <testcase name="testRechazoPorMaximasCorrecciones" classname="support.operation.state.StatePatternTest" time="0.002">
    <system-out><![CDATA[Se supero el numero maximo de correcciones. Rechazado.
]]></system-out>
  </testcase>
  <testcase name="testEstadoInicial" classname="support.operation.state.StatePatternTest" time="0.001"/>
  <testcase name="testStateFactory" classname="support.operation.state.StatePatternTest" time="0.004"/>
  <testcase name="testEstadoAnterior" classname="support.operation.state.StatePatternTest" time="0.001"/>
</testsuite>