<?xml version="1.0" encoding="UTF-8"?>
<testsuite xmlns:xsi="http://www.w3.org/2001/XMLSchema-instance" xsi:noNamespaceSchemaLocation="https://maven.apache.org/surefire/maven-surefire-plugin/xsd/surefire-test-report-3.0.xsd" version="3.0" name="test.repositories.UserRepositoryTest" time="0.09" tests="1" errors="0" skipped="0" failures="0">
  <properties>
[...]
</properties>
  <testcase name="saveCorrect" classname="test.repositories.UserRepositoryTest" time="0.085">
    <system-out><![CDATA[
UserModel(

	Names: javier
	Surnames: solano
	Email: usuariodeprueba@unicauca.edu.co
	Telephone: 32124567890
	Career: Ingenieria de Sistemas
	Role: estudiante
)

]]></system-out>
  </testcase>
</testsuite>