<?xml version="1.0" encoding="UTF-8"?>
<testsuite xmlns:xsi="http://www.w3.org/2001/XMLSchema-instance" xsi:noNamespaceSchemaLocation="https://maven.apache.org/surefire/maven-surefire-plugin/xsd/surefire-test-report-3.0.xsd" version="3.0" name="support.operation.facade.FacadePatternTest" time="0.081" tests="8" errors="0" skipped="0" failures="0">
  <properties>
[...]
</properties>
  <testcase name="testGenerateProjectReport" classname="support.operation.facade.FacadePatternTest" time="0.037">
    <system-out><![CDATA[=========================================
REPORTE COMPLETO DE PROYECTO
=========================================
Iniciando evaluacion del proyecto: Facade Test Project
Evaluacion titulo: VALIDA
Evaluacion objetivos: INVALIDOS
Evaluacion metodologia: VALIDA
Evaluacion alcance: NO VIABLE (Puntaje: 3,6/10)
Resultado evaluacion: RECHAZADO

REPORTE DE EVALUACION - Facade Test Project
Fecha: 2025-10-09
Estado: NO RECOMENDADO
Evaluador: Sistema Automatico de Evaluacion
Formato A: VALIDO
Documento propuesta: VALIDO
Consideraciones eticas: VALIDAS
Validando documentos del proyecto: Facade Test Project
Formato A: VALIDO
Documento propuesta: VALIDO
Consideraciones eticas: INVALIDAS
Validacion documentos: INCOMPLETA

CHECKLIST DOCUMENTOS - Facade Test Project
1. Formato A: PRESENTE
2. Propuesta: COMPLETA
3. Etica: APROBADA
Estado general: INCOMPLETO

EVALUADORES DISPONIBLES: 5
]]></system-out>
  </testcase>
  <testcase name="testSubsystems" classname="support.operation.facade.FacadePatternTest" time="0.006">
    <system-out><![CDATA[Iniciando evaluacion del proyecto: Facade Test Project
Evaluacion titulo: VALIDA
Evaluacion objetivos: INVALIDOS
Evaluacion metodologia: VALIDA
Evaluacion alcance: NO VIABLE (Puntaje: 2,6/10)
Resultado evaluacion: RECHAZADO
Asignando evaluadores para: Facade Test Project
Evaluador asignado: Dr. Julio Ariel Hurtado
Evaluador asignado: Dra. Maria Fernanda Gomez
Asignacion completada: EXITOSA
Validando documentos del proyecto: Facade Test Project
Formato A: VALIDO
Documento propuesta: VALIDO
Consideraciones eticas: VALIDAS
Validacion documentos: COMPLETADA
ENVIANDO NOTIFICACIONES - Proyecto Aprobado
Para: dir@test.com
CC: est@test.com, 
Asunto: Proyecto 'Facade Test Project' ha sido APROBADO
Mensaje: Su proyecto ha pasado todas las evaluaciones satisfactoriamente.
]]></system-out>
  </testcase>
  <testcase name="testManageEvaluators" classname="support.operation.facade.FacadePatternTest" time="0.003">
    <system-out><![CDATA[GESTION DE EVALUADORES
Evaluadores disponibles: 5
 - Dr. Julio Ariel Hurtado
 - Dra. Maria Fernanda Gomez
 - Dr. Carlos Andres Lopez
 - Dra. Ana Patricia Rodriguez
 - Dr. Luis Eduardo Martinez
]]></system-out>
  </testcase>
  <testcase name="testQuickProjectReview" classname="support.operation.facade.FacadePatternTest" time="0.002">
    <system-out><![CDATA[REVISION RAPIDA DE PROYECTO: Facade Test Project
Validando documentos del proyecto: Facade Test Project
Formato A: VALIDO
Documento propuesta: VALIDO
Consideraciones eticas: VALIDAS
Validacion documentos: COMPLETADA
Iniciando evaluacion del proyecto: Facade Test Project
Evaluacion titulo: VALIDA
Evaluacion objetivos: INVALIDOS
Evaluacion metodologia: VALIDA
Evaluacion alcance: VIABLE (Puntaje: 6,5/10)
Resultado evaluacion: RECHAZADO
]]></system-out>
  </testcase>
  <testcase name="testFacadeCreation" classname="support.operation.facade.FacadePatternTest" time="0.002"/>
  <testcase name="testProcessProjectSubmission" classname="support.operation.facade.FacadePatternTest" time="0.002">
    <system-out><![CDATA[=========================================
PROCESANDO SUBMISION DE PROYECTO: Facade Test Project
=========================================

--- FASE 1: VALIDACION DOCUMENTAL ---
Validando documentos del proyecto: Facade Test Project
Formato A: VALIDO
Documento propuesta: VALIDO
Consideraciones eticas: INVALIDAS
Validacion documentos: INCOMPLETA
ERROR: Documentos incompletos o invalidos
ENVIANDO NOTIFICACIONES - Proyecto Rechazado
Para: dir@test.com
CC: est@test.com
Asunto: Proyecto 'Facade Test Project' requiere revision
Motivo: Documentacion incompleta
=========================================
PROCESANDO SUBMISION DE PROYECTO: Facade Test Project
=========================================

--- FASE 1: VALIDACION DOCUMENTAL ---
Validando documentos del proyecto: Facade Test Project
Formato A: VALIDO
Documento propuesta: VALIDO
Consideraciones eticas: VALIDAS
Validacion documentos: COMPLETADA

--- FASE 2: EVALUACION ACADEMICA ---
Iniciando evaluacion del proyecto: Facade Test Project
Evaluacion titulo: VALIDA
Evaluacion objetivos: INVALIDOS
Evaluacion metodologia: VALIDA
Evaluacion alcance: NO VIABLE (Puntaje: 5,0/10)
Resultado evaluacion: RECHAZADO
ERROR: Proyecto no cumple criterios academicos
ENVIANDO NOTIFICACIONES - Proyecto Rechazado
Para: dir@test.com
CC: est@test.com
Asunto: Proyecto 'Facade Test Project' requiere revision
Motivo: No cumple criterios academicos
]]></system-out>
  </testcase>
  <testcase name="testArchiveCompletedProject" classname="support.operation.facade.FacadePatternTest" time="0.002">
    <system-out><![CDATA[ARCHIVANDO PROYECTO COMPLETADO: Facade Test Project
Archivando documentos del proyecto: Facade Test Project
Documentos archivados en: /archive/projects/test/
Proyecto archivado exitosamente
]]></system-out>
  </testcase>
  <testcase name="testEvaluatorAssignmentService" classname="support.operation.facade.FacadePatternTest" time="0.003">
    <system-out><![CDATA[Evaluador agregado: Test Evaluator
]]></system-out>
  </testcase>
</testsuite>