<?xml version="1.0" encoding="UTF-8"?>
<testsuite xmlns:xsi="http://www.w3.org/2001/XMLSchema-instance" xsi:noNamespaceSchemaLocation="https://maven.apache.org/surefire/maven-surefire-plugin/xsd/surefire-test-report.xsd" name="test.controllers.SessionControllerTest" time="1.708" tests="13" errors="0" skipped="0" failures="0">
  <properties>
[...]
</properties>
  <testcase name="loginWithDifferentRoles" classname="test.controllers.SessionControllerTest" time="0.293"/>
  <testcase name="loginWithNullPassword" classname="test.controllers.SessionControllerTest" time="0.012"/>
  <testcase name="loginWithSpecialCharacters" classname="test.controllers.SessionControllerTest" time="0.21"/>
  <testcase name="logoutMethodExists" classname="test.controllers.SessionControllerTest" time="0.012"/>
  <testcase name="loginCorrect" classname="test.controllers.SessionControllerTest" time="0.229"/>
  <testcase name="loginIncorrectPassword" classname="test.controllers.SessionControllerTest" time="0.2"/>
  <testcase name="loginWithNullEmail" classname="test.controllers.SessionControllerTest" time="0.01"/>
  <testcase name="loginWithDifferentCareers" classname="test.controllers.SessionControllerTest" time="0.208"/>
  <testcase name="loginUserNotFound" classname="test.controllers.SessionControllerTest" time="0.01"/>
  <testcase name="loginWithEmptyEmail" classname="test.controllers.SessionControllerTest" time="0.009"/>
  <testcase name="loginWithValidButComplexPassword" classname="test.controllers.SessionControllerTest" time="0.207"/>
  <testcase name="loginWithEmptyPassword" classname="test.controllers.SessionControllerTest" time="0.015"/>
  <testcase name="loginCaseSensitiveEmail" classname="test.controllers.SessionControllerTest" time="0.25"/>
</testsuite>